Flow report for 3710-Group-5-Project
Fri Apr 10 21:13:52 2026
Quartus Prime Version 23.1std.1 Build 993 05/14/2024 SC Lite Edition


---------------------
; Table of Contents ;
---------------------
  1. Legal Notice
  2. Flow Summary
  3. Flow Settings
  4. Flow Non-Default Global Settings
  5. Flow Elapsed Time
  6. Flow OS Summary
  7. Flow Log
  8. Flow Messages
  9. Flow Suppressed Messages



----------------
; Legal Notice ;
----------------
Copyright (C) 2024  Intel Corporation. All rights reserved.
Your use of Intel Corporation's design tools, logic functions 
and other software and tools, and any partner logic 
functions, and any output files from any of the foregoing 
(including device programming or simulation files), and any 
associated documentation or information are expressly subject 
to the terms and conditions of the Intel Program License 
Subscription Agreement, the Intel Quartus Prime License Agreement,
the Intel FPGA IP License Agreement, or other applicable license
agreement, including, without limitation, that your use is for
the sole purpose of programming logic devices manufactured by
Intel and sold by Intel or its authorized distributors.  Please
refer to the applicable agreement for further details, at
https://fpgasoftware.intel.com/eula.



+----------------------------------------------------------------------------------+
; Flow Summary                                                                     ;
+---------------------------------+------------------------------------------------+
; Flow Status                     ; Successful - Fri Apr 10 21:13:10 2026          ;
; Quartus Prime Version           ; 23.1std.1 Build 993 05/14/2024 SC Lite Edition ;
; Revision Name                   ; 3710-Group-5-Project                           ;
; Top-level Entity Name           ; PONG_TOP                                       ;
; Family                          ; Cyclone V                                      ;
; Device                          ; 5CSEMA5F31C6                                   ;
; Timing Models                   ; Final                                          ;
; Logic utilization (in ALMs)     ; 10,092 / 32,070 ( 31 % )                       ;
; Total registers                 ; 16834                                          ;
; Total pins                      ; 126 / 457 ( 28 % )                             ;
; Total virtual pins              ; 0                                              ;
; Total block memory bits         ; 0 / 4,065,280 ( 0 % )                          ;
; Total DSP Blocks                ; 4 / 87 ( 5 % )                                 ;
; Total HSSI RX PCSs              ; 0                                              ;
; Total HSSI PMA RX Deserializers ; 0                                              ;
; Total HSSI TX PCSs              ; 0                                              ;
; Total HSSI PMA TX Serializers   ; 0                                              ;
; Total PLLs                      ; 0 / 6 ( 0 % )                                  ;
; Total DLLs                      ; 0 / 4 ( 0 % )                                  ;
+---------------------------------+------------------------------------------------+


+------------------------------------------+
; Flow Settings                            ;
+-------------------+----------------------+
; Option            ; Setting              ;
+-------------------+----------------------+
; Start date & time ; 04/10/2026 21:06:50  ;
; Main task         ; Compilation          ;
; Revision Name     ; 3710-Group-5-Project ;
+-------------------+----------------------+


+-------------------------------------------------------------------------------------------------------------------------------------------------------+
; Flow Non-Default Global Settings                                                                                                                      ;
+-------------------------------------+----------------------------------------+----------------------+-------------+-----------------------------------+
; Assignment Name                     ; Value                                  ; Default Value        ; Entity Name ; Section Id                        ;
+-------------------------------------+----------------------------------------+----------------------+-------------+-----------------------------------+
; COMPILER_SIGNATURE_ID               ; 123719793987053.177587681035280        ; --                   ; --          ; --                                ;
; EDA_DESIGN_INSTANCE_NAME            ; NA                                     ; --                   ; --          ; load_store_TB                     ;
; EDA_DESIGN_INSTANCE_NAME            ; NA                                     ; --                   ; --          ; mul_shift_flag_FSM                ;
; EDA_GENERATE_FUNCTIONAL_NETLIST     ; Off                                    ; --                   ; --          ; eda_board_design_timing           ;
; EDA_GENERATE_FUNCTIONAL_NETLIST     ; Off                                    ; --                   ; --          ; eda_board_design_boundary_scan    ;
; EDA_GENERATE_FUNCTIONAL_NETLIST     ; Off                                    ; --                   ; --          ; eda_board_design_signal_integrity ;
; EDA_GENERATE_FUNCTIONAL_NETLIST     ; Off                                    ; --                   ; --          ; eda_board_design_symbol           ;
; EDA_OUTPUT_DATA_FORMAT              ; None                                   ; --                   ; --          ; eda_simulation                    ;
; EDA_TEST_BENCH_FILE                 ; LAB4b-tbs/load_store_TB.v              ; --                   ; --          ; load_store_TB                     ;
; EDA_TEST_BENCH_FILE                 ; LAB2-tbs/mul_shift_flag_FSM.v          ; --                   ; --          ; mul_shift_flag_FSM                ;
; EDA_TEST_BENCH_MODULE_NAME          ; load_store_TB                          ; --                   ; --          ; load_store_TB                     ;
; EDA_TEST_BENCH_MODULE_NAME          ; tb_mul_shift_flag_FSM                  ; --                   ; --          ; mul_shift_flag_FSM                ;
; MAX_CORE_JUNCTION_TEMP              ; 85                                     ; --                   ; --          ; --                                ;
; MIN_CORE_JUNCTION_TEMP              ; 0                                      ; --                   ; --          ; --                                ;
; PARTITION_COLOR                     ; -- (Not supported for targeted family) ; --                   ; PONG_TOP    ; Top                               ;
; PARTITION_FITTER_PRESERVATION_LEVEL ; -- (Not supported for targeted family) ; --                   ; PONG_TOP    ; Top                               ;
; PARTITION_NETLIST_TYPE              ; -- (Not supported for targeted family) ; --                   ; PONG_TOP    ; Top                               ;
; POWER_BOARD_THERMAL_MODEL           ; None (CONSERVATIVE)                    ; --                   ; --          ; --                                ;
; POWER_PRESET_COOLING_SOLUTION       ; 23 MM HEAT SINK WITH 200 LFPM AIRFLOW  ; --                   ; --          ; --                                ;
; PROJECT_OUTPUT_DIRECTORY            ; output_files                           ; --                   ; --          ; --                                ;
; TOP_LEVEL_ENTITY                    ; PONG_TOP                               ; 3710-Group-5-Project ; --          ; --                                ;
+-------------------------------------+----------------------------------------+----------------------+-------------+-----------------------------------+


+--------------------------------------------------------------------------------------------------------------------------+
; Flow Elapsed Time                                                                                                        ;
+----------------------+--------------+-------------------------+---------------------+------------------------------------+
; Module Name          ; Elapsed Time ; Average Processors Used ; Peak Virtual Memory ; Total CPU Time (on all processors) ;
+----------------------+--------------+-------------------------+---------------------+------------------------------------+
; Analysis & Synthesis ; 00:00:42     ; 1.0                     ; 594 MB              ; 00:00:46                           ;
; Fitter               ; 00:05:19     ; 1.3                     ; 2132 MB             ; 00:10:07                           ;
; Assembler            ; 00:00:10     ; 1.0                     ; 648 MB              ; 00:00:10                           ;
; Timing Analyzer      ; 00:00:41     ; 3.1                     ; 1320 MB             ; 00:01:45                           ;
; Total                ; 00:06:52     ; --                      ; --                  ; 00:12:48                           ;
+----------------------+--------------+-------------------------+---------------------+------------------------------------+


+----------------------------------------------------------------------------------------+
; Flow OS Summary                                                                        ;
+----------------------+------------------+----------------+------------+----------------+
; Module Name          ; Machine Hostname ; OS Name        ; OS Version ; Processor type ;
+----------------------+------------------+----------------+------------+----------------+
; Analysis & Synthesis ; dsl1             ; Ubuntu 22.04.5 ; 22         ; x86_64         ;
; Fitter               ; dsl1             ; Ubuntu 22.04.5 ; 22         ; x86_64         ;
; Assembler            ; dsl1             ; Ubuntu 22.04.5 ; 22         ; x86_64         ;
; Timing Analyzer      ; dsl1             ; Ubuntu 22.04.5 ; 22         ; x86_64         ;
+----------------------+------------------+----------------+------------+----------------+


------------
; Flow Log ;
------------
quartus_map --read_settings_files=on --write_settings_files=off 3710-Group-5-Project -c 3710-Group-5-Project
quartus_fit --read_settings_files=off --write_settings_files=off 3710-Group-5-Project -c 3710-Group-5-Project
quartus_asm --read_settings_files=off --write_settings_files=off 3710-Group-5-Project -c 3710-Group-5-Project
quartus_sta 3710-Group-5-Project -c 3710-Group-5-Project



