Analysis & Synthesis report for 3710-Group-5-Project
Sun Mar 29 00:14:58 2026
Quartus Prime Version 25.1std.0 Build 1129 10/21/2025 SC Lite Edition


---------------------
; Table of Contents ;
---------------------
  1. Legal Notice
  2. Analysis & Synthesis Summary
  3. Analysis & Synthesis Settings
  4. Parallel Compilation
  5. Analysis & Synthesis Source Files Read
  6. Analysis & Synthesis Resource Usage Summary
  7. Analysis & Synthesis Resource Utilization by Entity
  8. Analysis & Synthesis DSP Block Usage Summary
  9. Registers Removed During Synthesis
 10. General Register Statistics
 11. Inverted Register Statistics
 12. Multiplexer Restructuring Statistics (Restructuring Performed)
 13. Parameter Settings for User Entity Instance: renderer:video0|vga_controller:vga_ctrl
 14. Parameter Settings for Inferred Entity Instance: lpm_divide:Mod1
 15. Parameter Settings for Inferred Entity Instance: lpm_divide:Mod0
 16. Parameter Settings for Inferred Entity Instance: lpm_divide:Div1
 17. Parameter Settings for Inferred Entity Instance: lpm_divide:Div0
 18. Parameter Settings for Inferred Entity Instance: lpm_divide:Mod3
 19. Parameter Settings for Inferred Entity Instance: lpm_divide:Mod2
 20. Parameter Settings for Inferred Entity Instance: lpm_divide:Div3
 21. Parameter Settings for Inferred Entity Instance: lpm_divide:Div2
 22. Parameter Settings for Inferred Entity Instance: renderer:video0|lpm_divide:Mod0
 23. Parameter Settings for Inferred Entity Instance: ADC_reader:adc0|lpm_divide:Div1
 24. Parameter Settings for Inferred Entity Instance: ADC_reader:adc0|lpm_divide:Div0
 25. Post-Synthesis Netlist Statistics for Top Partition
 26. Elapsed Time Per Partition
 27. Analysis & Synthesis Messages



----------------
; Legal Notice ;
----------------
Copyright (C) 2025  Altera Corporation. All rights reserved.
Your use of Altera Corporation's design tools, logic functions 
and other software and tools, and any partner logic 
functions, and any output files from any of the foregoing 
(including device programming or simulation files), and any 
associated documentation or information are expressly subject 
to the terms and conditions of the Altera Program License 
Subscription Agreement, the Altera Quartus Prime License Agreement,
the Altera IP License Agreement, or other applicable license
agreement, including, without limitation, that your use is for
the sole purpose of programming logic devices manufactured by
Altera and sold by Altera or its authorized distributors.  Please
refer to the Altera Software License Subscription Agreements 
on the Quartus Prime software download page.



+-----------------------------------------------------------------------------------+
; Analysis & Synthesis Summary                                                      ;
+---------------------------------+-------------------------------------------------+
; Analysis & Synthesis Status     ; Successful - Sun Mar 29 00:14:58 2026           ;
; Quartus Prime Version           ; 25.1std.0 Build 1129 10/21/2025 SC Lite Edition ;
; Revision Name                   ; 3710-Group-5-Project                            ;
; Top-level Entity Name           ; PONG_TOP                                        ;
; Family                          ; Cyclone V                                       ;
; Logic utilization (in ALMs)     ; N/A                                             ;
; Total registers                 ; 194                                             ;
; Total pins                      ; 126                                             ;
; Total virtual pins              ; 0                                               ;
; Total block memory bits         ; 0                                               ;
; Total DSP Blocks                ; 2                                               ;
; Total HSSI RX PCSs              ; 0                                               ;
; Total HSSI PMA RX Deserializers ; 0                                               ;
; Total HSSI TX PCSs              ; 0                                               ;
; Total HSSI PMA TX Serializers   ; 0                                               ;
; Total PLLs                      ; 0                                               ;
; Total DLLs                      ; 0                                               ;
+---------------------------------+-------------------------------------------------+


+-----------------------------------------------------------------------------------------------------------------------------+
; Analysis & Synthesis Settings                                                                                               ;
+---------------------------------------------------------------------------------+--------------------+----------------------+
; Option                                                                          ; Setting            ; Default Value        ;
+---------------------------------------------------------------------------------+--------------------+----------------------+
; Device                                                                          ; 5CSEMA5F31C6       ;                      ;
; Top-level entity name                                                           ; PONG_TOP           ; 3710-Group-5-Project ;
; Family name                                                                     ; Cyclone V          ; Cyclone V            ;
; Use smart compilation                                                           ; Off                ; Off                  ;
; Enable parallel Assembler and Timing Analyzer during compilation                ; On                 ; On                   ;
; Enable compact report table                                                     ; Off                ; Off                  ;
; Restructure Multiplexers                                                        ; Auto               ; Auto                 ;
; MLAB Add Timing Constraints For Mixed-Port Feed-Through Mode Setting Don't Care ; Off                ; Off                  ;
; Create Debugging Nodes for IP Cores                                             ; Off                ; Off                  ;
; Preserve fewer node names                                                       ; On                 ; On                   ;
; Intel FPGA IP Evaluation Mode                                                   ; Enable             ; Enable               ;
; Verilog Version                                                                 ; Verilog_2001       ; Verilog_2001         ;
; VHDL Version                                                                    ; VHDL_1993          ; VHDL_1993            ;
; State Machine Processing                                                        ; Auto               ; Auto                 ;
; Safe State Machine                                                              ; Off                ; Off                  ;
; Extract Verilog State Machines                                                  ; On                 ; On                   ;
; Extract VHDL State Machines                                                     ; On                 ; On                   ;
; Ignore Verilog initial constructs                                               ; Off                ; Off                  ;
; Iteration limit for constant Verilog loops                                      ; 5000               ; 5000                 ;
; Iteration limit for non-constant Verilog loops                                  ; 250                ; 250                  ;
; Add Pass-Through Logic to Inferred RAMs                                         ; On                 ; On                   ;
; Infer RAMs from Raw Logic                                                       ; On                 ; On                   ;
; Parallel Synthesis                                                              ; On                 ; On                   ;
; DSP Block Balancing                                                             ; Auto               ; Auto                 ;
; NOT Gate Push-Back                                                              ; On                 ; On                   ;
; Power-Up Don't Care                                                             ; On                 ; On                   ;
; Remove Redundant Logic Cells                                                    ; Off                ; Off                  ;
; Remove Duplicate Registers                                                      ; On                 ; On                   ;
; Ignore CARRY Buffers                                                            ; Off                ; Off                  ;
; Ignore CASCADE Buffers                                                          ; Off                ; Off                  ;
; Ignore GLOBAL Buffers                                                           ; Off                ; Off                  ;
; Ignore ROW GLOBAL Buffers                                                       ; Off                ; Off                  ;
; Ignore LCELL Buffers                                                            ; Off                ; Off                  ;
; Ignore SOFT Buffers                                                             ; On                 ; On                   ;
; Limit AHDL Integers to 32 Bits                                                  ; Off                ; Off                  ;
; Optimization Technique                                                          ; Balanced           ; Balanced             ;
; Carry Chain Length                                                              ; 70                 ; 70                   ;
; Auto Carry Chains                                                               ; On                 ; On                   ;
; Auto Open-Drain Pins                                                            ; On                 ; On                   ;
; Perform WYSIWYG Primitive Resynthesis                                           ; Off                ; Off                  ;
; Auto ROM Replacement                                                            ; On                 ; On                   ;
; Auto RAM Replacement                                                            ; On                 ; On                   ;
; Auto DSP Block Replacement                                                      ; On                 ; On                   ;
; Auto Shift Register Replacement                                                 ; Auto               ; Auto                 ;
; Allow Shift Register Merging across Hierarchies                                 ; Auto               ; Auto                 ;
; Auto Clock Enable Replacement                                                   ; On                 ; On                   ;
; Strict RAM Replacement                                                          ; Off                ; Off                  ;
; Allow Synchronous Control Signals                                               ; On                 ; On                   ;
; Force Use of Synchronous Clear Signals                                          ; Off                ; Off                  ;
; Auto Resource Sharing                                                           ; Off                ; Off                  ;
; Allow Any RAM Size For Recognition                                              ; Off                ; Off                  ;
; Allow Any ROM Size For Recognition                                              ; Off                ; Off                  ;
; Allow Any Shift Register Size For Recognition                                   ; Off                ; Off                  ;
; Use LogicLock Constraints during Resource Balancing                             ; On                 ; On                   ;
; Ignore translate_off and synthesis_off directives                               ; Off                ; Off                  ;
; Timing-Driven Synthesis                                                         ; On                 ; On                   ;
; Report Parameter Settings                                                       ; On                 ; On                   ;
; Report Source Assignments                                                       ; On                 ; On                   ;
; Report Connectivity Checks                                                      ; On                 ; On                   ;
; Ignore Maximum Fan-Out Assignments                                              ; Off                ; Off                  ;
; Synchronization Register Chain Length                                           ; 3                  ; 3                    ;
; Power Optimization During Synthesis                                             ; Normal compilation ; Normal compilation   ;
; HDL message level                                                               ; Level2             ; Level2               ;
; Suppress Register Optimization Related Messages                                 ; Off                ; Off                  ;
; Number of Removed Registers Reported in Synthesis Report                        ; 5000               ; 5000                 ;
; Number of Swept Nodes Reported in Synthesis Report                              ; 5000               ; 5000                 ;
; Number of Inverted Registers Reported in Synthesis Report                       ; 100                ; 100                  ;
; Clock MUX Protection                                                            ; On                 ; On                   ;
; Auto Gated Clock Conversion                                                     ; Off                ; Off                  ;
; Block Design Naming                                                             ; Auto               ; Auto                 ;
; SDC constraint protection                                                       ; Off                ; Off                  ;
; Synthesis Effort                                                                ; Auto               ; Auto                 ;
; Shift Register Replacement - Allow Asynchronous Clear Signal                    ; On                 ; On                   ;
; Pre-Mapping Resynthesis Optimization                                            ; Off                ; Off                  ;
; Analysis & Synthesis Message Level                                              ; Medium             ; Medium               ;
; Disable Register Merging Across Hierarchies                                     ; Auto               ; Auto                 ;
; Resource Aware Inference For Block RAM                                          ; On                 ; On                   ;
; Automatic Parallel Synthesis                                                    ; On                 ; On                   ;
; Partial Reconfiguration Bitstream ID                                            ; Off                ; Off                  ;
+---------------------------------------------------------------------------------+--------------------+----------------------+


+------------------------------------------+
; Parallel Compilation                     ;
+----------------------------+-------------+
; Processors                 ; Number      ;
+----------------------------+-------------+
; Number detected on machine ; 16          ;
; Maximum allowed            ; 16          ;
;                            ;             ;
; Average used               ; 1.00        ;
; Maximum used               ; 16          ;
;                            ;             ;
; Usage by Processor         ; % Time Used ;
;     Processor 1            ; 100.0%      ;
;     Processor 2            ;   0.0%      ;
;     Processor 3            ;   0.0%      ;
;     Processor 4            ;   0.0%      ;
;     Processor 5            ;   0.0%      ;
;     Processor 6            ;   0.0%      ;
;     Processor 7            ;   0.0%      ;
;     Processor 8            ;   0.0%      ;
;     Processors 9-16        ;   0.0%      ;
+----------------------------+-------------+


+--------------------------------------------------------------------------------------------------------------------------------------------------------------------------------------------------------------------+
; Analysis & Synthesis Source Files Read                                                                                                                                                                             ;
+----------------------------------------------------+-----------------+------------------------------+----------------------------------------------------------------------------------------------------+---------+
; File Name with User-Entered Path                   ; Used in Netlist ; File Type                    ; File Name with Absolute Path                                                                       ; Library ;
+----------------------------------------------------+-----------------+------------------------------+----------------------------------------------------------------------------------------------------+---------+
; ../../1_PROJECT_PONG/Hard_coded_game/game_engine.v ; yes             ; User Verilog HDL File        ; C:/Users/mmess/OneDrive/Documents/GitHub/3710-Group-5/1_PROJECT_PONG/Hard_coded_game/game_engine.v ;         ;
; ../../1_PROJECT_PONG/Peripherals/ADC_reader.v      ; yes             ; User Verilog HDL File        ; C:/Users/mmess/OneDrive/Documents/GitHub/3710-Group-5/1_PROJECT_PONG/Peripherals/ADC_reader.v      ;         ;
; ../../1_PROJECT_PONG/Video/score_font.v            ; yes             ; User Verilog HDL File        ; C:/Users/mmess/OneDrive/Documents/GitHub/3710-Group-5/1_PROJECT_PONG/Video/score_font.v            ;         ;
; ../../1_PROJECT_PONG/Video/vga_controller.v        ; yes             ; User Verilog HDL File        ; C:/Users/mmess/OneDrive/Documents/GitHub/3710-Group-5/1_PROJECT_PONG/Video/vga_controller.v        ;         ;
; ../../1_PROJECT_PONG/Video/renderer.v              ; yes             ; User Verilog HDL File        ; C:/Users/mmess/OneDrive/Documents/GitHub/3710-Group-5/1_PROJECT_PONG/Video/renderer.v              ;         ;
; ../../1_PROJECT_PONG/PONG_TOP.v                    ; yes             ; User Verilog HDL File        ; C:/Users/mmess/OneDrive/Documents/GitHub/3710-Group-5/1_PROJECT_PONG/PONG_TOP.v                    ;         ;
; ../../1_PROJECT_PONG/clock_div.v                   ; yes             ; User Verilog HDL File        ; C:/Users/mmess/OneDrive/Documents/GitHub/3710-Group-5/1_PROJECT_PONG/clock_div.v                   ;         ;
; lpm_divide.tdf                                     ; yes             ; Megafunction                 ; c:/altera_lite/25.1std/quartus/libraries/megafunctions/lpm_divide.tdf                              ;         ;
; abs_divider.inc                                    ; yes             ; Megafunction                 ; c:/altera_lite/25.1std/quartus/libraries/megafunctions/abs_divider.inc                             ;         ;
; sign_div_unsign.inc                                ; yes             ; Megafunction                 ; c:/altera_lite/25.1std/quartus/libraries/megafunctions/sign_div_unsign.inc                         ;         ;
; aglobal251.inc                                     ; yes             ; Megafunction                 ; c:/altera_lite/25.1std/quartus/libraries/megafunctions/aglobal251.inc                              ;         ;
; db/lpm_divide_92m.tdf                              ; yes             ; Auto-Generated Megafunction  ; C:/Users/mmess/OneDrive/Documents/GitHub/3710-Group-5/2_Quartus/Project/db/lpm_divide_92m.tdf      ;         ;
; db/sign_div_unsign_ckh.tdf                         ; yes             ; Auto-Generated Megafunction  ; C:/Users/mmess/OneDrive/Documents/GitHub/3710-Group-5/2_Quartus/Project/db/sign_div_unsign_ckh.tdf ;         ;
; db/alt_u_div_use.tdf                               ; yes             ; Auto-Generated Megafunction  ; C:/Users/mmess/OneDrive/Documents/GitHub/3710-Group-5/2_Quartus/Project/db/alt_u_div_use.tdf       ;         ;
; db/lpm_divide_c2m.tdf                              ; yes             ; Auto-Generated Megafunction  ; C:/Users/mmess/OneDrive/Documents/GitHub/3710-Group-5/2_Quartus/Project/db/lpm_divide_c2m.tdf      ;         ;
; db/sign_div_unsign_fkh.tdf                         ; yes             ; Auto-Generated Megafunction  ; C:/Users/mmess/OneDrive/Documents/GitHub/3710-Group-5/2_Quartus/Project/db/sign_div_unsign_fkh.tdf ;         ;
; db/alt_u_div_4te.tdf                               ; yes             ; Auto-Generated Megafunction  ; C:/Users/mmess/OneDrive/Documents/GitHub/3710-Group-5/2_Quartus/Project/db/alt_u_div_4te.tdf       ;         ;
; db/lpm_divide_4am.tdf                              ; yes             ; Auto-Generated Megafunction  ; C:/Users/mmess/OneDrive/Documents/GitHub/3710-Group-5/2_Quartus/Project/db/lpm_divide_4am.tdf      ;         ;
; db/sign_div_unsign_akh.tdf                         ; yes             ; Auto-Generated Megafunction  ; C:/Users/mmess/OneDrive/Documents/GitHub/3710-Group-5/2_Quartus/Project/db/sign_div_unsign_akh.tdf ;         ;
; db/alt_u_div_qse.tdf                               ; yes             ; Auto-Generated Megafunction  ; C:/Users/mmess/OneDrive/Documents/GitHub/3710-Group-5/2_Quartus/Project/db/alt_u_div_qse.tdf       ;         ;
; db/lpm_divide_9am.tdf                              ; yes             ; Auto-Generated Megafunction  ; C:/Users/mmess/OneDrive/Documents/GitHub/3710-Group-5/2_Quartus/Project/db/lpm_divide_9am.tdf      ;         ;
; db/lpm_divide_i3m.tdf                              ; yes             ; Auto-Generated Megafunction  ; C:/Users/mmess/OneDrive/Documents/GitHub/3710-Group-5/2_Quartus/Project/db/lpm_divide_i3m.tdf      ;         ;
; db/sign_div_unsign_llh.tdf                         ; yes             ; Auto-Generated Megafunction  ; C:/Users/mmess/OneDrive/Documents/GitHub/3710-Group-5/2_Quartus/Project/db/sign_div_unsign_llh.tdf ;         ;
; db/alt_u_div_gve.tdf                               ; yes             ; Auto-Generated Megafunction  ; C:/Users/mmess/OneDrive/Documents/GitHub/3710-Group-5/2_Quartus/Project/db/alt_u_div_gve.tdf       ;         ;
; db/lpm_divide_rbm.tdf                              ; yes             ; Auto-Generated Megafunction  ; C:/Users/mmess/OneDrive/Documents/GitHub/3710-Group-5/2_Quartus/Project/db/lpm_divide_rbm.tdf      ;         ;
; db/sign_div_unsign_1mh.tdf                         ; yes             ; Auto-Generated Megafunction  ; C:/Users/mmess/OneDrive/Documents/GitHub/3710-Group-5/2_Quartus/Project/db/sign_div_unsign_1mh.tdf ;         ;
; db/alt_u_div_80f.tdf                               ; yes             ; Auto-Generated Megafunction  ; C:/Users/mmess/OneDrive/Documents/GitHub/3710-Group-5/2_Quartus/Project/db/alt_u_div_80f.tdf       ;         ;
+----------------------------------------------------+-----------------+------------------------------+----------------------------------------------------------------------------------------------------+---------+


+------------------------------------------------------------+
; Analysis & Synthesis Resource Usage Summary                ;
+---------------------------------------------+--------------+
; Resource                                    ; Usage        ;
+---------------------------------------------+--------------+
; Estimate of Logic utilization (ALMs needed) ; 641          ;
;                                             ;              ;
; Combinational ALUT usage for logic          ; 1205         ;
;     -- 7 input functions                    ; 2            ;
;     -- 6 input functions                    ; 64           ;
;     -- 5 input functions                    ; 96           ;
;     -- 4 input functions                    ; 216          ;
;     -- <=3 input functions                  ; 827          ;
;                                             ;              ;
; Dedicated logic registers                   ; 194          ;
;                                             ;              ;
; I/O pins                                    ; 126          ;
;                                             ;              ;
; Total DSP Blocks                            ; 2            ;
;                                             ;              ;
; Maximum fan-out node                        ; KEY[0]~input ;
; Maximum fan-out                             ; 194          ;
; Total fan-out                               ; 4538         ;
; Average fan-out                             ; 2.75         ;
+---------------------------------------------+--------------+


+---------------------------------------------------------------------------------------------------------------------------------------------------------------------------------------------------------------------------------------------------------------------------------------------------------------------+
; Analysis & Synthesis Resource Utilization by Entity                                                                                                                                                                                                                                                                 ;
+-------------------------------------------+---------------------+---------------------------+-------------------+------------+------+--------------+---------------------------------------------------------------------------------------------------------------------------+---------------------+--------------+
; Compilation Hierarchy Node                ; Combinational ALUTs ; Dedicated Logic Registers ; Block Memory Bits ; DSP Blocks ; Pins ; Virtual Pins ; Full Hierarchy Name                                                                                                       ; Entity Name         ; Library Name ;
+-------------------------------------------+---------------------+---------------------------+-------------------+------------+------+--------------+---------------------------------------------------------------------------------------------------------------------------+---------------------+--------------+
; |PONG_TOP                                 ; 1205 (42)           ; 194 (0)                   ; 0                 ; 2          ; 126  ; 0            ; |PONG_TOP                                                                                                                 ; PONG_TOP            ; work         ;
;    |ADC_reader:adc0|                      ; 462 (50)            ; 90 (90)                   ; 0                 ; 2          ; 0    ; 0            ; |PONG_TOP|ADC_reader:adc0                                                                                                 ; ADC_reader          ; work         ;
;       |lpm_divide:Div0|                   ; 206 (0)             ; 0 (0)                     ; 0                 ; 0          ; 0    ; 0            ; |PONG_TOP|ADC_reader:adc0|lpm_divide:Div0                                                                                 ; lpm_divide          ; work         ;
;          |lpm_divide_rbm:auto_generated|  ; 206 (0)             ; 0 (0)                     ; 0                 ; 0          ; 0    ; 0            ; |PONG_TOP|ADC_reader:adc0|lpm_divide:Div0|lpm_divide_rbm:auto_generated                                                   ; lpm_divide_rbm      ; work         ;
;             |sign_div_unsign_1mh:divider| ; 206 (0)             ; 0 (0)                     ; 0                 ; 0          ; 0    ; 0            ; |PONG_TOP|ADC_reader:adc0|lpm_divide:Div0|lpm_divide_rbm:auto_generated|sign_div_unsign_1mh:divider                       ; sign_div_unsign_1mh ; work         ;
;                |alt_u_div_80f:divider|    ; 206 (206)           ; 0 (0)                     ; 0                 ; 0          ; 0    ; 0            ; |PONG_TOP|ADC_reader:adc0|lpm_divide:Div0|lpm_divide_rbm:auto_generated|sign_div_unsign_1mh:divider|alt_u_div_80f:divider ; alt_u_div_80f       ; work         ;
;       |lpm_divide:Div1|                   ; 206 (0)             ; 0 (0)                     ; 0                 ; 0          ; 0    ; 0            ; |PONG_TOP|ADC_reader:adc0|lpm_divide:Div1                                                                                 ; lpm_divide          ; work         ;
;          |lpm_divide_rbm:auto_generated|  ; 206 (0)             ; 0 (0)                     ; 0                 ; 0          ; 0    ; 0            ; |PONG_TOP|ADC_reader:adc0|lpm_divide:Div1|lpm_divide_rbm:auto_generated                                                   ; lpm_divide_rbm      ; work         ;
;             |sign_div_unsign_1mh:divider| ; 206 (0)             ; 0 (0)                     ; 0                 ; 0          ; 0    ; 0            ; |PONG_TOP|ADC_reader:adc0|lpm_divide:Div1|lpm_divide_rbm:auto_generated|sign_div_unsign_1mh:divider                       ; sign_div_unsign_1mh ; work         ;
;                |alt_u_div_80f:divider|    ; 206 (206)           ; 0 (0)                     ; 0                 ; 0          ; 0    ; 0            ; |PONG_TOP|ADC_reader:adc0|lpm_divide:Div1|lpm_divide_rbm:auto_generated|sign_div_unsign_1mh:divider|alt_u_div_80f:divider ; alt_u_div_80f       ; work         ;
;    |game_engine:game0|                    ; 74 (74)             ; 59 (59)                   ; 0                 ; 0          ; 0    ; 0            ; |PONG_TOP|game_engine:game0                                                                                               ; game_engine         ; work         ;
;    |lpm_divide:Div0|                      ; 41 (0)              ; 0 (0)                     ; 0                 ; 0          ; 0    ; 0            ; |PONG_TOP|lpm_divide:Div0                                                                                                 ; lpm_divide          ; work         ;
;       |lpm_divide_9am:auto_generated|     ; 41 (0)              ; 0 (0)                     ; 0                 ; 0          ; 0    ; 0            ; |PONG_TOP|lpm_divide:Div0|lpm_divide_9am:auto_generated                                                                   ; lpm_divide_9am      ; work         ;
;          |sign_div_unsign_fkh:divider|    ; 41 (0)              ; 0 (0)                     ; 0                 ; 0          ; 0    ; 0            ; |PONG_TOP|lpm_divide:Div0|lpm_divide_9am:auto_generated|sign_div_unsign_fkh:divider                                       ; sign_div_unsign_fkh ; work         ;
;             |alt_u_div_4te:divider|       ; 41 (41)             ; 0 (0)                     ; 0                 ; 0          ; 0    ; 0            ; |PONG_TOP|lpm_divide:Div0|lpm_divide_9am:auto_generated|sign_div_unsign_fkh:divider|alt_u_div_4te:divider                 ; alt_u_div_4te       ; work         ;
;    |lpm_divide:Div1|                      ; 36 (0)              ; 0 (0)                     ; 0                 ; 0          ; 0    ; 0            ; |PONG_TOP|lpm_divide:Div1                                                                                                 ; lpm_divide          ; work         ;
;       |lpm_divide_4am:auto_generated|     ; 36 (0)              ; 0 (0)                     ; 0                 ; 0          ; 0    ; 0            ; |PONG_TOP|lpm_divide:Div1|lpm_divide_4am:auto_generated                                                                   ; lpm_divide_4am      ; work         ;
;          |sign_div_unsign_akh:divider|    ; 36 (0)              ; 0 (0)                     ; 0                 ; 0          ; 0    ; 0            ; |PONG_TOP|lpm_divide:Div1|lpm_divide_4am:auto_generated|sign_div_unsign_akh:divider                                       ; sign_div_unsign_akh ; work         ;
;             |alt_u_div_qse:divider|       ; 36 (36)             ; 0 (0)                     ; 0                 ; 0          ; 0    ; 0            ; |PONG_TOP|lpm_divide:Div1|lpm_divide_4am:auto_generated|sign_div_unsign_akh:divider|alt_u_div_qse:divider                 ; alt_u_div_qse       ; work         ;
;    |lpm_divide:Div2|                      ; 41 (0)              ; 0 (0)                     ; 0                 ; 0          ; 0    ; 0            ; |PONG_TOP|lpm_divide:Div2                                                                                                 ; lpm_divide          ; work         ;
;       |lpm_divide_9am:auto_generated|     ; 41 (0)              ; 0 (0)                     ; 0                 ; 0          ; 0    ; 0            ; |PONG_TOP|lpm_divide:Div2|lpm_divide_9am:auto_generated                                                                   ; lpm_divide_9am      ; work         ;
;          |sign_div_unsign_fkh:divider|    ; 41 (0)              ; 0 (0)                     ; 0                 ; 0          ; 0    ; 0            ; |PONG_TOP|lpm_divide:Div2|lpm_divide_9am:auto_generated|sign_div_unsign_fkh:divider                                       ; sign_div_unsign_fkh ; work         ;
;             |alt_u_div_4te:divider|       ; 41 (41)             ; 0 (0)                     ; 0                 ; 0          ; 0    ; 0            ; |PONG_TOP|lpm_divide:Div2|lpm_divide_9am:auto_generated|sign_div_unsign_fkh:divider|alt_u_div_4te:divider                 ; alt_u_div_4te       ; work         ;
;    |lpm_divide:Div3|                      ; 36 (0)              ; 0 (0)                     ; 0                 ; 0          ; 0    ; 0            ; |PONG_TOP|lpm_divide:Div3                                                                                                 ; lpm_divide          ; work         ;
;       |lpm_divide_4am:auto_generated|     ; 36 (0)              ; 0 (0)                     ; 0                 ; 0          ; 0    ; 0            ; |PONG_TOP|lpm_divide:Div3|lpm_divide_4am:auto_generated                                                                   ; lpm_divide_4am      ; work         ;
;          |sign_div_unsign_akh:divider|    ; 36 (0)              ; 0 (0)                     ; 0                 ; 0          ; 0    ; 0            ; |PONG_TOP|lpm_divide:Div3|lpm_divide_4am:auto_generated|sign_div_unsign_akh:divider                                       ; sign_div_unsign_akh ; work         ;
;             |alt_u_div_qse:divider|       ; 36 (36)             ; 0 (0)                     ; 0                 ; 0          ; 0    ; 0            ; |PONG_TOP|lpm_divide:Div3|lpm_divide_4am:auto_generated|sign_div_unsign_akh:divider|alt_u_div_qse:divider                 ; alt_u_div_qse       ; work         ;
;    |lpm_divide:Mod0|                      ; 60 (0)              ; 0 (0)                     ; 0                 ; 0          ; 0    ; 0            ; |PONG_TOP|lpm_divide:Mod0                                                                                                 ; lpm_divide          ; work         ;
;       |lpm_divide_c2m:auto_generated|     ; 60 (0)              ; 0 (0)                     ; 0                 ; 0          ; 0    ; 0            ; |PONG_TOP|lpm_divide:Mod0|lpm_divide_c2m:auto_generated                                                                   ; lpm_divide_c2m      ; work         ;
;          |sign_div_unsign_fkh:divider|    ; 60 (0)              ; 0 (0)                     ; 0                 ; 0          ; 0    ; 0            ; |PONG_TOP|lpm_divide:Mod0|lpm_divide_c2m:auto_generated|sign_div_unsign_fkh:divider                                       ; sign_div_unsign_fkh ; work         ;
;             |alt_u_div_4te:divider|       ; 60 (60)             ; 0 (0)                     ; 0                 ; 0          ; 0    ; 0            ; |PONG_TOP|lpm_divide:Mod0|lpm_divide_c2m:auto_generated|sign_div_unsign_fkh:divider|alt_u_div_4te:divider                 ; alt_u_div_4te       ; work         ;
;    |lpm_divide:Mod1|                      ; 64 (0)              ; 0 (0)                     ; 0                 ; 0          ; 0    ; 0            ; |PONG_TOP|lpm_divide:Mod1                                                                                                 ; lpm_divide          ; work         ;
;       |lpm_divide_92m:auto_generated|     ; 64 (0)              ; 0 (0)                     ; 0                 ; 0          ; 0    ; 0            ; |PONG_TOP|lpm_divide:Mod1|lpm_divide_92m:auto_generated                                                                   ; lpm_divide_92m      ; work         ;
;          |sign_div_unsign_ckh:divider|    ; 64 (0)              ; 0 (0)                     ; 0                 ; 0          ; 0    ; 0            ; |PONG_TOP|lpm_divide:Mod1|lpm_divide_92m:auto_generated|sign_div_unsign_ckh:divider                                       ; sign_div_unsign_ckh ; work         ;
;             |alt_u_div_use:divider|       ; 64 (64)             ; 0 (0)                     ; 0                 ; 0          ; 0    ; 0            ; |PONG_TOP|lpm_divide:Mod1|lpm_divide_92m:auto_generated|sign_div_unsign_ckh:divider|alt_u_div_use:divider                 ; alt_u_div_use       ; work         ;
;    |lpm_divide:Mod2|                      ; 60 (0)              ; 0 (0)                     ; 0                 ; 0          ; 0    ; 0            ; |PONG_TOP|lpm_divide:Mod2                                                                                                 ; lpm_divide          ; work         ;
;       |lpm_divide_c2m:auto_generated|     ; 60 (0)              ; 0 (0)                     ; 0                 ; 0          ; 0    ; 0            ; |PONG_TOP|lpm_divide:Mod2|lpm_divide_c2m:auto_generated                                                                   ; lpm_divide_c2m      ; work         ;
;          |sign_div_unsign_fkh:divider|    ; 60 (0)              ; 0 (0)                     ; 0                 ; 0          ; 0    ; 0            ; |PONG_TOP|lpm_divide:Mod2|lpm_divide_c2m:auto_generated|sign_div_unsign_fkh:divider                                       ; sign_div_unsign_fkh ; work         ;
;             |alt_u_div_4te:divider|       ; 60 (60)             ; 0 (0)                     ; 0                 ; 0          ; 0    ; 0            ; |PONG_TOP|lpm_divide:Mod2|lpm_divide_c2m:auto_generated|sign_div_unsign_fkh:divider|alt_u_div_4te:divider                 ; alt_u_div_4te       ; work         ;
;    |lpm_divide:Mod3|                      ; 64 (0)              ; 0 (0)                     ; 0                 ; 0          ; 0    ; 0            ; |PONG_TOP|lpm_divide:Mod3                                                                                                 ; lpm_divide          ; work         ;
;       |lpm_divide_92m:auto_generated|     ; 64 (0)              ; 0 (0)                     ; 0                 ; 0          ; 0    ; 0            ; |PONG_TOP|lpm_divide:Mod3|lpm_divide_92m:auto_generated                                                                   ; lpm_divide_92m      ; work         ;
;          |sign_div_unsign_ckh:divider|    ; 64 (0)              ; 0 (0)                     ; 0                 ; 0          ; 0    ; 0            ; |PONG_TOP|lpm_divide:Mod3|lpm_divide_92m:auto_generated|sign_div_unsign_ckh:divider                                       ; sign_div_unsign_ckh ; work         ;
;             |alt_u_div_use:divider|       ; 64 (64)             ; 0 (0)                     ; 0                 ; 0          ; 0    ; 0            ; |PONG_TOP|lpm_divide:Mod3|lpm_divide_92m:auto_generated|sign_div_unsign_ckh:divider|alt_u_div_use:divider                 ; alt_u_div_use       ; work         ;
;    |renderer:video0|                      ; 225 (97)            ; 45 (24)                   ; 0                 ; 0          ; 0    ; 0            ; |PONG_TOP|renderer:video0                                                                                                 ; renderer            ; work         ;
;       |clk_divider:clk_div|               ; 1 (1)               ; 1 (1)                     ; 0                 ; 0          ; 0    ; 0            ; |PONG_TOP|renderer:video0|clk_divider:clk_div                                                                             ; clk_divider         ; work         ;
;       |lpm_divide:Mod0|                   ; 72 (0)              ; 0 (0)                     ; 0                 ; 0          ; 0    ; 0            ; |PONG_TOP|renderer:video0|lpm_divide:Mod0                                                                                 ; lpm_divide          ; work         ;
;          |lpm_divide_i3m:auto_generated|  ; 72 (0)              ; 0 (0)                     ; 0                 ; 0          ; 0    ; 0            ; |PONG_TOP|renderer:video0|lpm_divide:Mod0|lpm_divide_i3m:auto_generated                                                   ; lpm_divide_i3m      ; work         ;
;             |sign_div_unsign_llh:divider| ; 72 (0)              ; 0 (0)                     ; 0                 ; 0          ; 0    ; 0            ; |PONG_TOP|renderer:video0|lpm_divide:Mod0|lpm_divide_i3m:auto_generated|sign_div_unsign_llh:divider                       ; sign_div_unsign_llh ; work         ;
;                |alt_u_div_gve:divider|    ; 72 (72)             ; 0 (0)                     ; 0                 ; 0          ; 0    ; 0            ; |PONG_TOP|renderer:video0|lpm_divide:Mod0|lpm_divide_i3m:auto_generated|sign_div_unsign_llh:divider|alt_u_div_gve:divider ; alt_u_div_gve       ; work         ;
;       |score_font:left_digit|             ; 11 (11)             ; 0 (0)                     ; 0                 ; 0          ; 0    ; 0            ; |PONG_TOP|renderer:video0|score_font:left_digit                                                                           ; score_font          ; work         ;
;       |score_font:right_digit|            ; 11 (11)             ; 0 (0)                     ; 0                 ; 0          ; 0    ; 0            ; |PONG_TOP|renderer:video0|score_font:right_digit                                                                          ; score_font          ; work         ;
;       |vga_controller:vga_ctrl|           ; 33 (33)             ; 20 (20)                   ; 0                 ; 0          ; 0    ; 0            ; |PONG_TOP|renderer:video0|vga_controller:vga_ctrl                                                                         ; vga_controller      ; work         ;
+-------------------------------------------+---------------------+---------------------------+-------------------+------------+------+--------------+---------------------------------------------------------------------------------------------------------------------------+---------------------+--------------+
Note: For table entries with two numbers listed, the numbers in parentheses indicate the number of resources of the given type used by the specific entity alone. The numbers listed outside of parentheses indicate the total resources of the given type used by the specific entity and all of its sub-entities in the hierarchy.


+-----------------------------------------------+
; Analysis & Synthesis DSP Block Usage Summary  ;
+---------------------------------+-------------+
; Statistic                       ; Number Used ;
+---------------------------------+-------------+
; Independent 9x9                 ; 2           ;
; Total number of DSP blocks      ; 2           ;
;                                 ;             ;
; Fixed Point Unsigned Multiplier ; 2           ;
+---------------------------------+-------------+


+----------------------------------------------------------------------------------+
; Registers Removed During Synthesis                                               ;
+----------------------------------------+-----------------------------------------+
; Register name                          ; Reason for Removal                      ;
+----------------------------------------+-----------------------------------------+
; game_engine:game0|ball_y[2,4,8]        ; Merged with game_engine:game0|ball_y[9] ;
; game_engine:game0|ball_y[0,1,3,5,6]    ; Merged with game_engine:game0|ball_y[7] ;
; game_engine:game0|ball_y[9]            ; Stuck at GND due to stuck port data_in  ;
; game_engine:game0|ball_y[7]            ; Stuck at VCC due to stuck port data_in  ;
; Total Number of Removed Registers = 10 ;                                         ;
+----------------------------------------+-----------------------------------------+


+------------------------------------------------------+
; General Register Statistics                          ;
+----------------------------------------------+-------+
; Statistic                                    ; Value ;
+----------------------------------------------+-------+
; Total registers                              ; 194   ;
; Number of registers using Synchronous Clear  ; 41    ;
; Number of registers using Synchronous Load   ; 0     ;
; Number of registers using Asynchronous Clear ; 194   ;
; Number of registers using Asynchronous Load  ; 0     ;
; Number of registers using Clock Enable       ; 27    ;
; Number of registers using Preset             ; 0     ;
+----------------------------------------------+-------+


+---------------------------------------------------+
; Inverted Register Statistics                      ;
+-----------------------------------------+---------+
; Inverted Register                       ; Fan out ;
+-----------------------------------------+---------+
; game_engine:game0|y_pos2[0]             ; 3       ;
; game_engine:game0|y_pos2[8]             ; 2       ;
; game_engine:game0|y_pos2[7]             ; 3       ;
; game_engine:game0|y_pos2[4]             ; 2       ;
; game_engine:game0|y_pos2[3]             ; 2       ;
; game_engine:game0|y_pos2[2]             ; 2       ;
; game_engine:game0|y_pos2[1]             ; 2       ;
; game_engine:game0|y_pos1[0]             ; 3       ;
; game_engine:game0|ball_x[1]             ; 5       ;
; game_engine:game0|ball_x[0]             ; 4       ;
; game_engine:game0|ball_x[5]             ; 5       ;
; game_engine:game0|ball_x[4]             ; 5       ;
; game_engine:game0|ball_x[3]             ; 5       ;
; game_engine:game0|ball_x[8]             ; 5       ;
; game_engine:game0|y_pos1[8]             ; 2       ;
; game_engine:game0|y_pos1[7]             ; 3       ;
; game_engine:game0|y_pos1[4]             ; 2       ;
; game_engine:game0|y_pos1[3]             ; 2       ;
; game_engine:game0|y_pos1[2]             ; 2       ;
; game_engine:game0|y_pos1[1]             ; 2       ;
; ADC_reader:adc0|y_pos2[3]               ; 1       ;
; ADC_reader:adc0|y_pos2[1]               ; 1       ;
; ADC_reader:adc0|y_pos1[3]               ; 1       ;
; ADC_reader:adc0|y_pos1[1]               ; 1       ;
; Total number of inverted registers = 24 ;         ;
+-----------------------------------------+---------+


+-----------------------------------------------------------------------------------------------------------------------------------------------------+
; Multiplexer Restructuring Statistics (Restructuring Performed)                                                                                      ;
+--------------------+-----------+---------------+----------------------+------------------------+------------+---------------------------------------+
; Multiplexer Inputs ; Bus Width ; Baseline Area ; Area if Restructured ; Saving if Restructured ; Registered ; Example Multiplexer Output            ;
+--------------------+-----------+---------------+----------------------+------------------------+------------+---------------------------------------+
; 3:1                ; 7 bits    ; 14 LEs        ; 14 LEs               ; 0 LEs                  ; Yes        ; |PONG_TOP|ADC_reader:adc0|y_pos2[2]   ;
; 3:1                ; 7 bits    ; 14 LEs        ; 14 LEs               ; 0 LEs                  ; Yes        ; |PONG_TOP|ADC_reader:adc0|y_pos1[8]   ;
; 4:1                ; 4 bits    ; 8 LEs         ; 8 LEs                ; 0 LEs                  ; Yes        ; |PONG_TOP|game_engine:game0|ball_x[9] ;
; 3:1                ; 2 bits    ; 4 LEs         ; 4 LEs                ; 0 LEs                  ; Yes        ; |PONG_TOP|ADC_reader:adc0|y_pos2[1]   ;
; 3:1                ; 2 bits    ; 4 LEs         ; 4 LEs                ; 0 LEs                  ; Yes        ; |PONG_TOP|ADC_reader:adc0|y_pos1[1]   ;
; 4:1                ; 6 bits    ; 12 LEs        ; 12 LEs               ; 0 LEs                  ; Yes        ; |PONG_TOP|game_engine:game0|ball_x[8] ;
; 3:1                ; 2 bits    ; 4 LEs         ; 4 LEs                ; 0 LEs                  ; No         ; |PONG_TOP|renderer:video0|VGA_R       ;
+--------------------+-----------+---------------+----------------------+------------------------+------------+---------------------------------------+


+--------------------------------------------------------------------------------------+
; Parameter Settings for User Entity Instance: renderer:video0|vga_controller:vga_ctrl ;
+----------------+------------+--------------------------------------------------------+
; Parameter Name ; Value      ; Type                                                   ;
+----------------+------------+--------------------------------------------------------+
; H_SYNC         ; 0001100000 ; Unsigned Binary                                        ;
; H_BACK_PORCH   ; 0000110000 ; Unsigned Binary                                        ;
; H_DISPLAY      ; 1010000000 ; Unsigned Binary                                        ;
; H_FRONT_PORCH  ; 0000010000 ; Unsigned Binary                                        ;
; H_TOTAL        ; 1100100000 ; Unsigned Binary                                        ;
; V_SYNC         ; 0000000010 ; Unsigned Binary                                        ;
; V_BACK_PORCH   ; 0000100001 ; Unsigned Binary                                        ;
; V_DISPLAY      ; 0111100000 ; Unsigned Binary                                        ;
; V_FRONT_PORCH  ; 0000001010 ; Unsigned Binary                                        ;
; V_TOTAL        ; 1000001101 ; Unsigned Binary                                        ;
+----------------+------------+--------------------------------------------------------+
Note: In order to hide this table in the UI and the text report file, please set the "Show Parameter Settings in Synthesis Report" option in "Analysis and Synthesis Settings -> More Settings" to "Off".


+------------------------------------------------------------------+
; Parameter Settings for Inferred Entity Instance: lpm_divide:Mod1 ;
+------------------------+----------------+------------------------+
; Parameter Name         ; Value          ; Type                   ;
+------------------------+----------------+------------------------+
; LPM_WIDTHN             ; 9              ; Untyped                ;
; LPM_WIDTHD             ; 4              ; Untyped                ;
; LPM_NREPRESENTATION    ; UNSIGNED       ; Untyped                ;
; LPM_DREPRESENTATION    ; UNSIGNED       ; Untyped                ;
; LPM_PIPELINE           ; 0              ; Untyped                ;
; LPM_REMAINDERPOSITIVE  ; TRUE           ; Untyped                ;
; MAXIMIZE_SPEED         ; 5              ; Untyped                ;
; CBXI_PARAMETER         ; lpm_divide_92m ; Untyped                ;
; CARRY_CHAIN            ; MANUAL         ; Untyped                ;
; OPTIMIZE_FOR_SPEED     ; 5              ; Untyped                ;
; AUTO_CARRY_CHAINS      ; ON             ; AUTO_CARRY             ;
; IGNORE_CARRY_BUFFERS   ; OFF            ; IGNORE_CARRY           ;
; AUTO_CASCADE_CHAINS    ; ON             ; AUTO_CASCADE           ;
; IGNORE_CASCADE_BUFFERS ; OFF            ; IGNORE_CASCADE         ;
+------------------------+----------------+------------------------+
Note: In order to hide this table in the UI and the text report file, please set the "Show Parameter Settings in Synthesis Report" option in "Analysis and Synthesis Settings -> More Settings" to "Off".


+------------------------------------------------------------------+
; Parameter Settings for Inferred Entity Instance: lpm_divide:Mod0 ;
+------------------------+----------------+------------------------+
; Parameter Name         ; Value          ; Type                   ;
+------------------------+----------------+------------------------+
; LPM_WIDTHN             ; 9              ; Untyped                ;
; LPM_WIDTHD             ; 7              ; Untyped                ;
; LPM_NREPRESENTATION    ; UNSIGNED       ; Untyped                ;
; LPM_DREPRESENTATION    ; UNSIGNED       ; Untyped                ;
; LPM_PIPELINE           ; 0              ; Untyped                ;
; LPM_REMAINDERPOSITIVE  ; TRUE           ; Untyped                ;
; MAXIMIZE_SPEED         ; 5              ; Untyped                ;
; CBXI_PARAMETER         ; lpm_divide_c2m ; Untyped                ;
; CARRY_CHAIN            ; MANUAL         ; Untyped                ;
; OPTIMIZE_FOR_SPEED     ; 5              ; Untyped                ;
; AUTO_CARRY_CHAINS      ; ON             ; AUTO_CARRY             ;
; IGNORE_CARRY_BUFFERS   ; OFF            ; IGNORE_CARRY           ;
; AUTO_CASCADE_CHAINS    ; ON             ; AUTO_CASCADE           ;
; IGNORE_CASCADE_BUFFERS ; OFF            ; IGNORE_CASCADE         ;
+------------------------+----------------+------------------------+
Note: In order to hide this table in the UI and the text report file, please set the "Show Parameter Settings in Synthesis Report" option in "Analysis and Synthesis Settings -> More Settings" to "Off".


+------------------------------------------------------------------+
; Parameter Settings for Inferred Entity Instance: lpm_divide:Div1 ;
+------------------------+----------------+------------------------+
; Parameter Name         ; Value          ; Type                   ;
+------------------------+----------------+------------------------+
; LPM_WIDTHN             ; 7              ; Untyped                ;
; LPM_WIDTHD             ; 4              ; Untyped                ;
; LPM_NREPRESENTATION    ; UNSIGNED       ; Untyped                ;
; LPM_DREPRESENTATION    ; UNSIGNED       ; Untyped                ;
; LPM_PIPELINE           ; 0              ; Untyped                ;
; LPM_REMAINDERPOSITIVE  ; TRUE           ; Untyped                ;
; MAXIMIZE_SPEED         ; 5              ; Untyped                ;
; CBXI_PARAMETER         ; lpm_divide_4am ; Untyped                ;
; CARRY_CHAIN            ; MANUAL         ; Untyped                ;
; OPTIMIZE_FOR_SPEED     ; 5              ; Untyped                ;
; AUTO_CARRY_CHAINS      ; ON             ; AUTO_CARRY             ;
; IGNORE_CARRY_BUFFERS   ; OFF            ; IGNORE_CARRY           ;
; AUTO_CASCADE_CHAINS    ; ON             ; AUTO_CASCADE           ;
; IGNORE_CASCADE_BUFFERS ; OFF            ; IGNORE_CASCADE         ;
+------------------------+----------------+------------------------+
Note: In order to hide this table in the UI and the text report file, please set the "Show Parameter Settings in Synthesis Report" option in "Analysis and Synthesis Settings -> More Settings" to "Off".


+------------------------------------------------------------------+
; Parameter Settings for Inferred Entity Instance: lpm_divide:Div0 ;
+------------------------+----------------+------------------------+
; Parameter Name         ; Value          ; Type                   ;
+------------------------+----------------+------------------------+
; LPM_WIDTHN             ; 9              ; Untyped                ;
; LPM_WIDTHD             ; 7              ; Untyped                ;
; LPM_NREPRESENTATION    ; UNSIGNED       ; Untyped                ;
; LPM_DREPRESENTATION    ; UNSIGNED       ; Untyped                ;
; LPM_PIPELINE           ; 0              ; Untyped                ;
; LPM_REMAINDERPOSITIVE  ; TRUE           ; Untyped                ;
; MAXIMIZE_SPEED         ; 5              ; Untyped                ;
; CBXI_PARAMETER         ; lpm_divide_9am ; Untyped                ;
; CARRY_CHAIN            ; MANUAL         ; Untyped                ;
; OPTIMIZE_FOR_SPEED     ; 5              ; Untyped                ;
; AUTO_CARRY_CHAINS      ; ON             ; AUTO_CARRY             ;
; IGNORE_CARRY_BUFFERS   ; OFF            ; IGNORE_CARRY           ;
; AUTO_CASCADE_CHAINS    ; ON             ; AUTO_CASCADE           ;
; IGNORE_CASCADE_BUFFERS ; OFF            ; IGNORE_CASCADE         ;
+------------------------+----------------+------------------------+
Note: In order to hide this table in the UI and the text report file, please set the "Show Parameter Settings in Synthesis Report" option in "Analysis and Synthesis Settings -> More Settings" to "Off".


+------------------------------------------------------------------+
; Parameter Settings for Inferred Entity Instance: lpm_divide:Mod3 ;
+------------------------+----------------+------------------------+
; Parameter Name         ; Value          ; Type                   ;
+------------------------+----------------+------------------------+
; LPM_WIDTHN             ; 9              ; Untyped                ;
; LPM_WIDTHD             ; 4              ; Untyped                ;
; LPM_NREPRESENTATION    ; UNSIGNED       ; Untyped                ;
; LPM_DREPRESENTATION    ; UNSIGNED       ; Untyped                ;
; LPM_PIPELINE           ; 0              ; Untyped                ;
; LPM_REMAINDERPOSITIVE  ; TRUE           ; Untyped                ;
; MAXIMIZE_SPEED         ; 5              ; Untyped                ;
; CBXI_PARAMETER         ; lpm_divide_92m ; Untyped                ;
; CARRY_CHAIN            ; MANUAL         ; Untyped                ;
; OPTIMIZE_FOR_SPEED     ; 5              ; Untyped                ;
; AUTO_CARRY_CHAINS      ; ON             ; AUTO_CARRY             ;
; IGNORE_CARRY_BUFFERS   ; OFF            ; IGNORE_CARRY           ;
; AUTO_CASCADE_CHAINS    ; ON             ; AUTO_CASCADE           ;
; IGNORE_CASCADE_BUFFERS ; OFF            ; IGNORE_CASCADE         ;
+------------------------+----------------+------------------------+
Note: In order to hide this table in the UI and the text report file, please set the "Show Parameter Settings in Synthesis Report" option in "Analysis and Synthesis Settings -> More Settings" to "Off".


+------------------------------------------------------------------+
; Parameter Settings for Inferred Entity Instance: lpm_divide:Mod2 ;
+------------------------+----------------+------------------------+
; Parameter Name         ; Value          ; Type                   ;
+------------------------+----------------+------------------------+
; LPM_WIDTHN             ; 9              ; Untyped                ;
; LPM_WIDTHD             ; 7              ; Untyped                ;
; LPM_NREPRESENTATION    ; UNSIGNED       ; Untyped                ;
; LPM_DREPRESENTATION    ; UNSIGNED       ; Untyped                ;
; LPM_PIPELINE           ; 0              ; Untyped                ;
; LPM_REMAINDERPOSITIVE  ; TRUE           ; Untyped                ;
; MAXIMIZE_SPEED         ; 5              ; Untyped                ;
; CBXI_PARAMETER         ; lpm_divide_c2m ; Untyped                ;
; CARRY_CHAIN            ; MANUAL         ; Untyped                ;
; OPTIMIZE_FOR_SPEED     ; 5              ; Untyped                ;
; AUTO_CARRY_CHAINS      ; ON             ; AUTO_CARRY             ;
; IGNORE_CARRY_BUFFERS   ; OFF            ; IGNORE_CARRY           ;
; AUTO_CASCADE_CHAINS    ; ON             ; AUTO_CASCADE           ;
; IGNORE_CASCADE_BUFFERS ; OFF            ; IGNORE_CASCADE         ;
+------------------------+----------------+------------------------+
Note: In order to hide this table in the UI and the text report file, please set the "Show Parameter Settings in Synthesis Report" option in "Analysis and Synthesis Settings -> More Settings" to "Off".


+------------------------------------------------------------------+
; Parameter Settings for Inferred Entity Instance: lpm_divide:Div3 ;
+------------------------+----------------+------------------------+
; Parameter Name         ; Value          ; Type                   ;
+------------------------+----------------+------------------------+
; LPM_WIDTHN             ; 7              ; Untyped                ;
; LPM_WIDTHD             ; 4              ; Untyped                ;
; LPM_NREPRESENTATION    ; UNSIGNED       ; Untyped                ;
; LPM_DREPRESENTATION    ; UNSIGNED       ; Untyped                ;
; LPM_PIPELINE           ; 0              ; Untyped                ;
; LPM_REMAINDERPOSITIVE  ; TRUE           ; Untyped                ;
; MAXIMIZE_SPEED         ; 5              ; Untyped                ;
; CBXI_PARAMETER         ; lpm_divide_4am ; Untyped                ;
; CARRY_CHAIN            ; MANUAL         ; Untyped                ;
; OPTIMIZE_FOR_SPEED     ; 5              ; Untyped                ;
; AUTO_CARRY_CHAINS      ; ON             ; AUTO_CARRY             ;
; IGNORE_CARRY_BUFFERS   ; OFF            ; IGNORE_CARRY           ;
; AUTO_CASCADE_CHAINS    ; ON             ; AUTO_CASCADE           ;
; IGNORE_CASCADE_BUFFERS ; OFF            ; IGNORE_CASCADE         ;
+------------------------+----------------+------------------------+
Note: In order to hide this table in the UI and the text report file, please set the "Show Parameter Settings in Synthesis Report" option in "Analysis and Synthesis Settings -> More Settings" to "Off".


+------------------------------------------------------------------+
; Parameter Settings for Inferred Entity Instance: lpm_divide:Div2 ;
+------------------------+----------------+------------------------+
; Parameter Name         ; Value          ; Type                   ;
+------------------------+----------------+------------------------+
; LPM_WIDTHN             ; 9              ; Untyped                ;
; LPM_WIDTHD             ; 7              ; Untyped                ;
; LPM_NREPRESENTATION    ; UNSIGNED       ; Untyped                ;
; LPM_DREPRESENTATION    ; UNSIGNED       ; Untyped                ;
; LPM_PIPELINE           ; 0              ; Untyped                ;
; LPM_REMAINDERPOSITIVE  ; TRUE           ; Untyped                ;
; MAXIMIZE_SPEED         ; 5              ; Untyped                ;
; CBXI_PARAMETER         ; lpm_divide_9am ; Untyped                ;
; CARRY_CHAIN            ; MANUAL         ; Untyped                ;
; OPTIMIZE_FOR_SPEED     ; 5              ; Untyped                ;
; AUTO_CARRY_CHAINS      ; ON             ; AUTO_CARRY             ;
; IGNORE_CARRY_BUFFERS   ; OFF            ; IGNORE_CARRY           ;
; AUTO_CASCADE_CHAINS    ; ON             ; AUTO_CASCADE           ;
; IGNORE_CASCADE_BUFFERS ; OFF            ; IGNORE_CASCADE         ;
+------------------------+----------------+------------------------+
Note: In order to hide this table in the UI and the text report file, please set the "Show Parameter Settings in Synthesis Report" option in "Analysis and Synthesis Settings -> More Settings" to "Off".


+----------------------------------------------------------------------------------+
; Parameter Settings for Inferred Entity Instance: renderer:video0|lpm_divide:Mod0 ;
+------------------------+----------------+----------------------------------------+
; Parameter Name         ; Value          ; Type                                   ;
+------------------------+----------------+----------------------------------------+
; LPM_WIDTHN             ; 10             ; Untyped                                ;
; LPM_WIDTHD             ; 5              ; Untyped                                ;
; LPM_NREPRESENTATION    ; UNSIGNED       ; Untyped                                ;
; LPM_DREPRESENTATION    ; UNSIGNED       ; Untyped                                ;
; LPM_PIPELINE           ; 0              ; Untyped                                ;
; LPM_REMAINDERPOSITIVE  ; TRUE           ; Untyped                                ;
; MAXIMIZE_SPEED         ; 5              ; Untyped                                ;
; CBXI_PARAMETER         ; lpm_divide_i3m ; Untyped                                ;
; CARRY_CHAIN            ; MANUAL         ; Untyped                                ;
; OPTIMIZE_FOR_SPEED     ; 5              ; Untyped                                ;
; AUTO_CARRY_CHAINS      ; ON             ; AUTO_CARRY                             ;
; IGNORE_CARRY_BUFFERS   ; OFF            ; IGNORE_CARRY                           ;
; AUTO_CASCADE_CHAINS    ; ON             ; AUTO_CASCADE                           ;
; IGNORE_CASCADE_BUFFERS ; OFF            ; IGNORE_CASCADE                         ;
+------------------------+----------------+----------------------------------------+
Note: In order to hide this table in the UI and the text report file, please set the "Show Parameter Settings in Synthesis Report" option in "Analysis and Synthesis Settings -> More Settings" to "Off".


+----------------------------------------------------------------------------------+
; Parameter Settings for Inferred Entity Instance: ADC_reader:adc0|lpm_divide:Div1 ;
+------------------------+----------------+----------------------------------------+
; Parameter Name         ; Value          ; Type                                   ;
+------------------------+----------------+----------------------------------------+
; LPM_WIDTHN             ; 18             ; Untyped                                ;
; LPM_WIDTHD             ; 9              ; Untyped                                ;
; LPM_NREPRESENTATION    ; UNSIGNED       ; Untyped                                ;
; LPM_DREPRESENTATION    ; UNSIGNED       ; Untyped                                ;
; LPM_PIPELINE           ; 0              ; Untyped                                ;
; LPM_REMAINDERPOSITIVE  ; TRUE           ; Untyped                                ;
; MAXIMIZE_SPEED         ; 5              ; Untyped                                ;
; CBXI_PARAMETER         ; lpm_divide_rbm ; Untyped                                ;
; CARRY_CHAIN            ; MANUAL         ; Untyped                                ;
; OPTIMIZE_FOR_SPEED     ; 5              ; Untyped                                ;
; AUTO_CARRY_CHAINS      ; ON             ; AUTO_CARRY                             ;
; IGNORE_CARRY_BUFFERS   ; OFF            ; IGNORE_CARRY                           ;
; AUTO_CASCADE_CHAINS    ; ON             ; AUTO_CASCADE                           ;
; IGNORE_CASCADE_BUFFERS ; OFF            ; IGNORE_CASCADE                         ;
+------------------------+----------------+----------------------------------------+
Note: In order to hide this table in the UI and the text report file, please set the "Show Parameter Settings in Synthesis Report" option in "Analysis and Synthesis Settings -> More Settings" to "Off".


+----------------------------------------------------------------------------------+
; Parameter Settings for Inferred Entity Instance: ADC_reader:adc0|lpm_divide:Div0 ;
+------------------------+----------------+----------------------------------------+
; Parameter Name         ; Value          ; Type                                   ;
+------------------------+----------------+----------------------------------------+
; LPM_WIDTHN             ; 18             ; Untyped                                ;
; LPM_WIDTHD             ; 9              ; Untyped                                ;
; LPM_NREPRESENTATION    ; UNSIGNED       ; Untyped                                ;
; LPM_DREPRESENTATION    ; UNSIGNED       ; Untyped                                ;
; LPM_PIPELINE           ; 0              ; Untyped                                ;
; LPM_REMAINDERPOSITIVE  ; TRUE           ; Untyped                                ;
; MAXIMIZE_SPEED         ; 5              ; Untyped                                ;
; CBXI_PARAMETER         ; lpm_divide_rbm ; Untyped                                ;
; CARRY_CHAIN            ; MANUAL         ; Untyped                                ;
; OPTIMIZE_FOR_SPEED     ; 5              ; Untyped                                ;
; AUTO_CARRY_CHAINS      ; ON             ; AUTO_CARRY                             ;
; IGNORE_CARRY_BUFFERS   ; OFF            ; IGNORE_CARRY                           ;
; AUTO_CASCADE_CHAINS    ; ON             ; AUTO_CASCADE                           ;
; IGNORE_CASCADE_BUFFERS ; OFF            ; IGNORE_CASCADE                         ;
+------------------------+----------------+----------------------------------------+
Note: In order to hide this table in the UI and the text report file, please set the "Show Parameter Settings in Synthesis Report" option in "Analysis and Synthesis Settings -> More Settings" to "Off".


+-----------------------------------------------------+
; Post-Synthesis Netlist Statistics for Top Partition ;
+-----------------------+-----------------------------+
; Type                  ; Count                       ;
+-----------------------+-----------------------------+
; arriav_ff             ; 194                         ;
;     CLR               ; 136                         ;
;     CLR SCLR          ; 31                          ;
;     ENA CLR           ; 17                          ;
;     ENA CLR SCLR      ; 10                          ;
; arriav_lcell_comb     ; 1213                        ;
;     arith             ; 554                         ;
;         0 data inputs ; 85                          ;
;         1 data inputs ; 202                         ;
;         2 data inputs ; 32                          ;
;         3 data inputs ; 119                         ;
;         4 data inputs ; 116                         ;
;     extend            ; 2                           ;
;         7 data inputs ; 2                           ;
;     normal            ; 609                         ;
;         0 data inputs ; 2                           ;
;         1 data inputs ; 37                          ;
;         2 data inputs ; 228                         ;
;         3 data inputs ; 82                          ;
;         4 data inputs ; 100                         ;
;         5 data inputs ; 96                          ;
;         6 data inputs ; 64                          ;
;     shared            ; 48                          ;
;         0 data inputs ; 7                           ;
;         1 data inputs ; 41                          ;
; arriav_mac            ; 2                           ;
; boundary_port         ; 126                         ;
;                       ;                             ;
; Max LUT depth         ; 28.20                       ;
; Average LUT depth     ; 14.21                       ;
+-----------------------+-----------------------------+


+-------------------------------+
; Elapsed Time Per Partition    ;
+----------------+--------------+
; Partition Name ; Elapsed Time ;
+----------------+--------------+
; Top            ; 00:00:01     ;
+----------------+--------------+


+-------------------------------+
; Analysis & Synthesis Messages ;
+-------------------------------+
Info: *******************************************************************
Info: Running Quartus Prime Analysis & Synthesis
    Info: Version 25.1std.0 Build 1129 10/21/2025 SC Lite Edition
    Info: Processing started: Sun Mar 29 00:14:51 2026
Info: Command: quartus_map --read_settings_files=on --write_settings_files=off 3710-Group-5-Project -c 3710-Group-5-Project
Warning (18236): Number of processors has not been specified which may cause overloading on shared machines.  Set the global assignment NUM_PARALLEL_PROCESSORS in your QSF to an appropriate value for best performance.
Info (20030): Parallel compilation is enabled and will use 16 of the 16 processors detected
Info (12021): Found 1 design units, including 1 entities, in source file /users/mmess/onedrive/documents/github/3710-group-5/1_project_pong/hard_coded_game/game_engine.v
    Info (12023): Found entity 1: game_engine File: C:/Users/mmess/OneDrive/Documents/GitHub/3710-Group-5/1_PROJECT_PONG/Hard_coded_game/game_engine.v Line: 1
Info (12021): Found 1 design units, including 1 entities, in source file /users/mmess/onedrive/documents/github/3710-group-5/1_project_pong/peripherals/adc_reader.v
    Info (12023): Found entity 1: ADC_reader File: C:/Users/mmess/OneDrive/Documents/GitHub/3710-Group-5/1_PROJECT_PONG/Peripherals/ADC_reader.v Line: 1
Info (12021): Found 1 design units, including 1 entities, in source file /users/mmess/onedrive/documents/github/3710-group-5/1_project_pong/video/score_font.v
    Info (12023): Found entity 1: score_font File: C:/Users/mmess/OneDrive/Documents/GitHub/3710-Group-5/1_PROJECT_PONG/Video/score_font.v Line: 1
Info (12021): Found 1 design units, including 1 entities, in source file /users/mmess/onedrive/documents/github/3710-group-5/1_project_pong/video/vga_controller.v
    Info (12023): Found entity 1: vga_controller File: C:/Users/mmess/OneDrive/Documents/GitHub/3710-Group-5/1_PROJECT_PONG/Video/vga_controller.v Line: 1
Info (12021): Found 1 design units, including 1 entities, in source file /users/mmess/onedrive/documents/github/3710-group-5/1_project_pong/video/renderer.v
    Info (12023): Found entity 1: renderer File: C:/Users/mmess/OneDrive/Documents/GitHub/3710-Group-5/1_PROJECT_PONG/Video/renderer.v Line: 1
Info (12021): Found 1 design units, including 1 entities, in source file /users/mmess/onedrive/documents/github/3710-group-5/1_project_pong/pong_top.v
    Info (12023): Found entity 1: PONG_TOP File: C:/Users/mmess/OneDrive/Documents/GitHub/3710-Group-5/1_PROJECT_PONG/PONG_TOP.v Line: 1
Info (12021): Found 1 design units, including 1 entities, in source file /users/mmess/onedrive/documents/github/3710-group-5/1_project_pong/clock_div.v
    Info (12023): Found entity 1: clk_divider File: C:/Users/mmess/OneDrive/Documents/GitHub/3710-Group-5/1_PROJECT_PONG/clock_div.v Line: 1
Info (12127): Elaborating entity "PONG_TOP" for the top level hierarchy
Warning (10230): Verilog HDL assignment warning at PONG_TOP.v(139): truncated value with size 9 to match size of target (4) File: C:/Users/mmess/OneDrive/Documents/GitHub/3710-Group-5/1_PROJECT_PONG/PONG_TOP.v Line: 139
Warning (10230): Verilog HDL assignment warning at PONG_TOP.v(140): truncated value with size 9 to match size of target (4) File: C:/Users/mmess/OneDrive/Documents/GitHub/3710-Group-5/1_PROJECT_PONG/PONG_TOP.v Line: 140
Warning (10230): Verilog HDL assignment warning at PONG_TOP.v(141): truncated value with size 9 to match size of target (4) File: C:/Users/mmess/OneDrive/Documents/GitHub/3710-Group-5/1_PROJECT_PONG/PONG_TOP.v Line: 141
Warning (10230): Verilog HDL assignment warning at PONG_TOP.v(143): truncated value with size 9 to match size of target (4) File: C:/Users/mmess/OneDrive/Documents/GitHub/3710-Group-5/1_PROJECT_PONG/PONG_TOP.v Line: 143
Warning (10230): Verilog HDL assignment warning at PONG_TOP.v(144): truncated value with size 9 to match size of target (4) File: C:/Users/mmess/OneDrive/Documents/GitHub/3710-Group-5/1_PROJECT_PONG/PONG_TOP.v Line: 144
Warning (10230): Verilog HDL assignment warning at PONG_TOP.v(145): truncated value with size 9 to match size of target (4) File: C:/Users/mmess/OneDrive/Documents/GitHub/3710-Group-5/1_PROJECT_PONG/PONG_TOP.v Line: 145
Info (12128): Elaborating entity "ADC_reader" for hierarchy "ADC_reader:adc0" File: C:/Users/mmess/OneDrive/Documents/GitHub/3710-Group-5/1_PROJECT_PONG/PONG_TOP.v Line: 81
Warning (10230): Verilog HDL assignment warning at ADC_reader.v(33): truncated value with size 18 to match size of target (9) File: C:/Users/mmess/OneDrive/Documents/GitHub/3710-Group-5/1_PROJECT_PONG/Peripherals/ADC_reader.v Line: 33
Info (12128): Elaborating entity "game_engine" for hierarchy "game_engine:game0" File: C:/Users/mmess/OneDrive/Documents/GitHub/3710-Group-5/1_PROJECT_PONG/PONG_TOP.v Line: 94
Info (12128): Elaborating entity "renderer" for hierarchy "renderer:video0" File: C:/Users/mmess/OneDrive/Documents/GitHub/3710-Group-5/1_PROJECT_PONG/PONG_TOP.v Line: 112
Warning (10230): Verilog HDL assignment warning at renderer.v(51): truncated value with size 32 to match size of target (3) File: C:/Users/mmess/OneDrive/Documents/GitHub/3710-Group-5/1_PROJECT_PONG/Video/renderer.v Line: 51
Warning (10230): Verilog HDL assignment warning at renderer.v(52): truncated value with size 32 to match size of target (3) File: C:/Users/mmess/OneDrive/Documents/GitHub/3710-Group-5/1_PROJECT_PONG/Video/renderer.v Line: 52
Warning (10230): Verilog HDL assignment warning at renderer.v(53): truncated value with size 32 to match size of target (3) File: C:/Users/mmess/OneDrive/Documents/GitHub/3710-Group-5/1_PROJECT_PONG/Video/renderer.v Line: 53
Warning (10230): Verilog HDL assignment warning at renderer.v(54): truncated value with size 32 to match size of target (3) File: C:/Users/mmess/OneDrive/Documents/GitHub/3710-Group-5/1_PROJECT_PONG/Video/renderer.v Line: 54
Info (12128): Elaborating entity "score_font" for hierarchy "renderer:video0|score_font:left_digit" File: C:/Users/mmess/OneDrive/Documents/GitHub/3710-Group-5/1_PROJECT_PONG/Video/renderer.v Line: 61
Info (12128): Elaborating entity "clk_divider" for hierarchy "renderer:video0|clk_divider:clk_div" File: C:/Users/mmess/OneDrive/Documents/GitHub/3710-Group-5/1_PROJECT_PONG/Video/renderer.v Line: 74
Info (12128): Elaborating entity "vga_controller" for hierarchy "renderer:video0|vga_controller:vga_ctrl" File: C:/Users/mmess/OneDrive/Documents/GitHub/3710-Group-5/1_PROJECT_PONG/Video/renderer.v Line: 84
Warning (10230): Verilog HDL assignment warning at vga_controller.v(37): truncated value with size 32 to match size of target (10) File: C:/Users/mmess/OneDrive/Documents/GitHub/3710-Group-5/1_PROJECT_PONG/Video/vga_controller.v Line: 37
Warning (10230): Verilog HDL assignment warning at vga_controller.v(43): truncated value with size 32 to match size of target (10) File: C:/Users/mmess/OneDrive/Documents/GitHub/3710-Group-5/1_PROJECT_PONG/Video/vga_controller.v Line: 43
Info (278001): Inferred 11 megafunctions from design logic
    Info (278004): Inferred divider/modulo megafunction ("lpm_divide") from the following logic: "Mod1" File: C:/Users/mmess/OneDrive/Documents/GitHub/3710-Group-5/1_PROJECT_PONG/PONG_TOP.v Line: 141
    Info (278004): Inferred divider/modulo megafunction ("lpm_divide") from the following logic: "Mod0" File: C:/Users/mmess/OneDrive/Documents/GitHub/3710-Group-5/1_PROJECT_PONG/PONG_TOP.v Line: 140
    Info (278004): Inferred divider/modulo megafunction ("lpm_divide") from the following logic: "Div1" File: C:/Users/mmess/OneDrive/Documents/GitHub/3710-Group-5/1_PROJECT_PONG/PONG_TOP.v Line: 140
    Info (278004): Inferred divider/modulo megafunction ("lpm_divide") from the following logic: "Div0" File: C:/Users/mmess/OneDrive/Documents/GitHub/3710-Group-5/1_PROJECT_PONG/PONG_TOP.v Line: 139
    Info (278004): Inferred divider/modulo megafunction ("lpm_divide") from the following logic: "Mod3" File: C:/Users/mmess/OneDrive/Documents/GitHub/3710-Group-5/1_PROJECT_PONG/PONG_TOP.v Line: 145
    Info (278004): Inferred divider/modulo megafunction ("lpm_divide") from the following logic: "Mod2" File: C:/Users/mmess/OneDrive/Documents/GitHub/3710-Group-5/1_PROJECT_PONG/PONG_TOP.v Line: 144
    Info (278004): Inferred divider/modulo megafunction ("lpm_divide") from the following logic: "Div3" File: C:/Users/mmess/OneDrive/Documents/GitHub/3710-Group-5/1_PROJECT_PONG/PONG_TOP.v Line: 144
    Info (278004): Inferred divider/modulo megafunction ("lpm_divide") from the following logic: "Div2" File: C:/Users/mmess/OneDrive/Documents/GitHub/3710-Group-5/1_PROJECT_PONG/PONG_TOP.v Line: 143
    Info (278004): Inferred divider/modulo megafunction ("lpm_divide") from the following logic: "renderer:video0|Mod0" File: C:/Users/mmess/OneDrive/Documents/GitHub/3710-Group-5/1_PROJECT_PONG/Video/renderer.v Line: 102
    Info (278004): Inferred divider/modulo megafunction ("lpm_divide") from the following logic: "ADC_reader:adc0|Div1" File: C:/Users/mmess/OneDrive/Documents/GitHub/3710-Group-5/1_PROJECT_PONG/Peripherals/ADC_reader.v Line: 33
    Info (278004): Inferred divider/modulo megafunction ("lpm_divide") from the following logic: "ADC_reader:adc0|Div0" File: C:/Users/mmess/OneDrive/Documents/GitHub/3710-Group-5/1_PROJECT_PONG/Peripherals/ADC_reader.v Line: 33
Info (12130): Elaborated megafunction instantiation "lpm_divide:Mod1" File: C:/Users/mmess/OneDrive/Documents/GitHub/3710-Group-5/1_PROJECT_PONG/PONG_TOP.v Line: 141
Info (12133): Instantiated megafunction "lpm_divide:Mod1" with the following parameter: File: C:/Users/mmess/OneDrive/Documents/GitHub/3710-Group-5/1_PROJECT_PONG/PONG_TOP.v Line: 141
    Info (12134): Parameter "LPM_WIDTHN" = "9"
    Info (12134): Parameter "LPM_WIDTHD" = "4"
    Info (12134): Parameter "LPM_NREPRESENTATION" = "UNSIGNED"
    Info (12134): Parameter "LPM_DREPRESENTATION" = "UNSIGNED"
Info (12021): Found 1 design units, including 1 entities, in source file db/lpm_divide_92m.tdf
    Info (12023): Found entity 1: lpm_divide_92m File: C:/Users/mmess/OneDrive/Documents/GitHub/3710-Group-5/2_Quartus/Project/db/lpm_divide_92m.tdf Line: 25
Info (12021): Found 1 design units, including 1 entities, in source file db/sign_div_unsign_ckh.tdf
    Info (12023): Found entity 1: sign_div_unsign_ckh File: C:/Users/mmess/OneDrive/Documents/GitHub/3710-Group-5/2_Quartus/Project/db/sign_div_unsign_ckh.tdf Line: 25
Info (12021): Found 1 design units, including 1 entities, in source file db/alt_u_div_use.tdf
    Info (12023): Found entity 1: alt_u_div_use File: C:/Users/mmess/OneDrive/Documents/GitHub/3710-Group-5/2_Quartus/Project/db/alt_u_div_use.tdf Line: 23
Info (12130): Elaborated megafunction instantiation "lpm_divide:Mod0" File: C:/Users/mmess/OneDrive/Documents/GitHub/3710-Group-5/1_PROJECT_PONG/PONG_TOP.v Line: 140
Info (12133): Instantiated megafunction "lpm_divide:Mod0" with the following parameter: File: C:/Users/mmess/OneDrive/Documents/GitHub/3710-Group-5/1_PROJECT_PONG/PONG_TOP.v Line: 140
    Info (12134): Parameter "LPM_WIDTHN" = "9"
    Info (12134): Parameter "LPM_WIDTHD" = "7"
    Info (12134): Parameter "LPM_NREPRESENTATION" = "UNSIGNED"
    Info (12134): Parameter "LPM_DREPRESENTATION" = "UNSIGNED"
Info (12021): Found 1 design units, including 1 entities, in source file db/lpm_divide_c2m.tdf
    Info (12023): Found entity 1: lpm_divide_c2m File: C:/Users/mmess/OneDrive/Documents/GitHub/3710-Group-5/2_Quartus/Project/db/lpm_divide_c2m.tdf Line: 25
Info (12021): Found 1 design units, including 1 entities, in source file db/sign_div_unsign_fkh.tdf
    Info (12023): Found entity 1: sign_div_unsign_fkh File: C:/Users/mmess/OneDrive/Documents/GitHub/3710-Group-5/2_Quartus/Project/db/sign_div_unsign_fkh.tdf Line: 25
Info (12021): Found 1 design units, including 1 entities, in source file db/alt_u_div_4te.tdf
    Info (12023): Found entity 1: alt_u_div_4te File: C:/Users/mmess/OneDrive/Documents/GitHub/3710-Group-5/2_Quartus/Project/db/alt_u_div_4te.tdf Line: 23
Info (12130): Elaborated megafunction instantiation "lpm_divide:Div1" File: C:/Users/mmess/OneDrive/Documents/GitHub/3710-Group-5/1_PROJECT_PONG/PONG_TOP.v Line: 140
Info (12133): Instantiated megafunction "lpm_divide:Div1" with the following parameter: File: C:/Users/mmess/OneDrive/Documents/GitHub/3710-Group-5/1_PROJECT_PONG/PONG_TOP.v Line: 140
    Info (12134): Parameter "LPM_WIDTHN" = "7"
    Info (12134): Parameter "LPM_WIDTHD" = "4"
    Info (12134): Parameter "LPM_NREPRESENTATION" = "UNSIGNED"
    Info (12134): Parameter "LPM_DREPRESENTATION" = "UNSIGNED"
Info (12021): Found 1 design units, including 1 entities, in source file db/lpm_divide_4am.tdf
    Info (12023): Found entity 1: lpm_divide_4am File: C:/Users/mmess/OneDrive/Documents/GitHub/3710-Group-5/2_Quartus/Project/db/lpm_divide_4am.tdf Line: 25
Info (12021): Found 1 design units, including 1 entities, in source file db/sign_div_unsign_akh.tdf
    Info (12023): Found entity 1: sign_div_unsign_akh File: C:/Users/mmess/OneDrive/Documents/GitHub/3710-Group-5/2_Quartus/Project/db/sign_div_unsign_akh.tdf Line: 25
Info (12021): Found 1 design units, including 1 entities, in source file db/alt_u_div_qse.tdf
    Info (12023): Found entity 1: alt_u_div_qse File: C:/Users/mmess/OneDrive/Documents/GitHub/3710-Group-5/2_Quartus/Project/db/alt_u_div_qse.tdf Line: 23
Info (12130): Elaborated megafunction instantiation "lpm_divide:Div0" File: C:/Users/mmess/OneDrive/Documents/GitHub/3710-Group-5/1_PROJECT_PONG/PONG_TOP.v Line: 139
Info (12133): Instantiated megafunction "lpm_divide:Div0" with the following parameter: File: C:/Users/mmess/OneDrive/Documents/GitHub/3710-Group-5/1_PROJECT_PONG/PONG_TOP.v Line: 139
    Info (12134): Parameter "LPM_WIDTHN" = "9"
    Info (12134): Parameter "LPM_WIDTHD" = "7"
    Info (12134): Parameter "LPM_NREPRESENTATION" = "UNSIGNED"
    Info (12134): Parameter "LPM_DREPRESENTATION" = "UNSIGNED"
Info (12021): Found 1 design units, including 1 entities, in source file db/lpm_divide_9am.tdf
    Info (12023): Found entity 1: lpm_divide_9am File: C:/Users/mmess/OneDrive/Documents/GitHub/3710-Group-5/2_Quartus/Project/db/lpm_divide_9am.tdf Line: 25
Info (12130): Elaborated megafunction instantiation "renderer:video0|lpm_divide:Mod0" File: C:/Users/mmess/OneDrive/Documents/GitHub/3710-Group-5/1_PROJECT_PONG/Video/renderer.v Line: 102
Info (12133): Instantiated megafunction "renderer:video0|lpm_divide:Mod0" with the following parameter: File: C:/Users/mmess/OneDrive/Documents/GitHub/3710-Group-5/1_PROJECT_PONG/Video/renderer.v Line: 102
    Info (12134): Parameter "LPM_WIDTHN" = "10"
    Info (12134): Parameter "LPM_WIDTHD" = "5"
    Info (12134): Parameter "LPM_NREPRESENTATION" = "UNSIGNED"
    Info (12134): Parameter "LPM_DREPRESENTATION" = "UNSIGNED"
Info (12021): Found 1 design units, including 1 entities, in source file db/lpm_divide_i3m.tdf
    Info (12023): Found entity 1: lpm_divide_i3m File: C:/Users/mmess/OneDrive/Documents/GitHub/3710-Group-5/2_Quartus/Project/db/lpm_divide_i3m.tdf Line: 25
Info (12021): Found 1 design units, including 1 entities, in source file db/sign_div_unsign_llh.tdf
    Info (12023): Found entity 1: sign_div_unsign_llh File: C:/Users/mmess/OneDrive/Documents/GitHub/3710-Group-5/2_Quartus/Project/db/sign_div_unsign_llh.tdf Line: 25
Info (12021): Found 1 design units, including 1 entities, in source file db/alt_u_div_gve.tdf
    Info (12023): Found entity 1: alt_u_div_gve File: C:/Users/mmess/OneDrive/Documents/GitHub/3710-Group-5/2_Quartus/Project/db/alt_u_div_gve.tdf Line: 23
Info (12130): Elaborated megafunction instantiation "ADC_reader:adc0|lpm_divide:Div1" File: C:/Users/mmess/OneDrive/Documents/GitHub/3710-Group-5/1_PROJECT_PONG/Peripherals/ADC_reader.v Line: 33
Info (12133): Instantiated megafunction "ADC_reader:adc0|lpm_divide:Div1" with the following parameter: File: C:/Users/mmess/OneDrive/Documents/GitHub/3710-Group-5/1_PROJECT_PONG/Peripherals/ADC_reader.v Line: 33
    Info (12134): Parameter "LPM_WIDTHN" = "18"
    Info (12134): Parameter "LPM_WIDTHD" = "9"
    Info (12134): Parameter "LPM_NREPRESENTATION" = "UNSIGNED"
    Info (12134): Parameter "LPM_DREPRESENTATION" = "UNSIGNED"
Info (12021): Found 1 design units, including 1 entities, in source file db/lpm_divide_rbm.tdf
    Info (12023): Found entity 1: lpm_divide_rbm File: C:/Users/mmess/OneDrive/Documents/GitHub/3710-Group-5/2_Quartus/Project/db/lpm_divide_rbm.tdf Line: 25
Info (12021): Found 1 design units, including 1 entities, in source file db/sign_div_unsign_1mh.tdf
    Info (12023): Found entity 1: sign_div_unsign_1mh File: C:/Users/mmess/OneDrive/Documents/GitHub/3710-Group-5/2_Quartus/Project/db/sign_div_unsign_1mh.tdf Line: 25
Info (12021): Found 1 design units, including 1 entities, in source file db/alt_u_div_80f.tdf
    Info (12023): Found entity 1: alt_u_div_80f File: C:/Users/mmess/OneDrive/Documents/GitHub/3710-Group-5/2_Quartus/Project/db/alt_u_div_80f.tdf Line: 23
Warning (13024): Output pins are stuck at VCC or GND
    Warning (13410): Pin "LEDR[0]" is stuck at GND File: C:/Users/mmess/OneDrive/Documents/GitHub/3710-Group-5/1_PROJECT_PONG/PONG_TOP.v Line: 6
    Warning (13410): Pin "LEDR[1]" is stuck at GND File: C:/Users/mmess/OneDrive/Documents/GitHub/3710-Group-5/1_PROJECT_PONG/PONG_TOP.v Line: 6
    Warning (13410): Pin "LEDR[2]" is stuck at GND File: C:/Users/mmess/OneDrive/Documents/GitHub/3710-Group-5/1_PROJECT_PONG/PONG_TOP.v Line: 6
    Warning (13410): Pin "LEDR[3]" is stuck at GND File: C:/Users/mmess/OneDrive/Documents/GitHub/3710-Group-5/1_PROJECT_PONG/PONG_TOP.v Line: 6
    Warning (13410): Pin "LEDR[4]" is stuck at GND File: C:/Users/mmess/OneDrive/Documents/GitHub/3710-Group-5/1_PROJECT_PONG/PONG_TOP.v Line: 6
    Warning (13410): Pin "LEDR[5]" is stuck at GND File: C:/Users/mmess/OneDrive/Documents/GitHub/3710-Group-5/1_PROJECT_PONG/PONG_TOP.v Line: 6
    Warning (13410): Pin "LEDR[6]" is stuck at GND File: C:/Users/mmess/OneDrive/Documents/GitHub/3710-Group-5/1_PROJECT_PONG/PONG_TOP.v Line: 6
    Warning (13410): Pin "LEDR[7]" is stuck at GND File: C:/Users/mmess/OneDrive/Documents/GitHub/3710-Group-5/1_PROJECT_PONG/PONG_TOP.v Line: 6
    Warning (13410): Pin "LEDR[8]" is stuck at GND File: C:/Users/mmess/OneDrive/Documents/GitHub/3710-Group-5/1_PROJECT_PONG/PONG_TOP.v Line: 6
    Warning (13410): Pin "LEDR[9]" is stuck at GND File: C:/Users/mmess/OneDrive/Documents/GitHub/3710-Group-5/1_PROJECT_PONG/PONG_TOP.v Line: 6
    Warning (13410): Pin "ADC_CS_N" is stuck at VCC File: C:/Users/mmess/OneDrive/Documents/GitHub/3710-Group-5/1_PROJECT_PONG/PONG_TOP.v Line: 8
    Warning (13410): Pin "ADC_DIN" is stuck at GND File: C:/Users/mmess/OneDrive/Documents/GitHub/3710-Group-5/1_PROJECT_PONG/PONG_TOP.v Line: 9
    Warning (13410): Pin "ADC_SCLK" is stuck at GND File: C:/Users/mmess/OneDrive/Documents/GitHub/3710-Group-5/1_PROJECT_PONG/PONG_TOP.v Line: 11
    Warning (13410): Pin "VGA_SYNC_N" is stuck at GND File: C:/Users/mmess/OneDrive/Documents/GitHub/3710-Group-5/1_PROJECT_PONG/PONG_TOP.v Line: 22
Info (286030): Timing-Driven Synthesis is running
Info (16010): Generating hard_block partition "hard_block:auto_generated_inst"
    Info (16011): Adding 0 node(s), including 0 DDIO, 0 PLL, 0 transceiver and 0 LCELL
Warning (21074): Design contains 22 input pin(s) that do not drive logic
    Warning (15610): No output dependent on input pin "KEY[1]" File: C:/Users/mmess/OneDrive/Documents/GitHub/3710-Group-5/1_PROJECT_PONG/PONG_TOP.v Line: 3
    Warning (15610): No output dependent on input pin "KEY[2]" File: C:/Users/mmess/OneDrive/Documents/GitHub/3710-Group-5/1_PROJECT_PONG/PONG_TOP.v Line: 3
    Warning (15610): No output dependent on input pin "KEY[3]" File: C:/Users/mmess/OneDrive/Documents/GitHub/3710-Group-5/1_PROJECT_PONG/PONG_TOP.v Line: 3
    Warning (15610): No output dependent on input pin "GPIO_1[0]" File: C:/Users/mmess/OneDrive/Documents/GitHub/3710-Group-5/1_PROJECT_PONG/PONG_TOP.v Line: 4
    Warning (15610): No output dependent on input pin "GPIO_1[1]" File: C:/Users/mmess/OneDrive/Documents/GitHub/3710-Group-5/1_PROJECT_PONG/PONG_TOP.v Line: 4
    Warning (15610): No output dependent on input pin "GPIO_1[2]" File: C:/Users/mmess/OneDrive/Documents/GitHub/3710-Group-5/1_PROJECT_PONG/PONG_TOP.v Line: 4
    Warning (15610): No output dependent on input pin "GPIO_1[3]" File: C:/Users/mmess/OneDrive/Documents/GitHub/3710-Group-5/1_PROJECT_PONG/PONG_TOP.v Line: 4
    Warning (15610): No output dependent on input pin "GPIO_1[4]" File: C:/Users/mmess/OneDrive/Documents/GitHub/3710-Group-5/1_PROJECT_PONG/PONG_TOP.v Line: 4
    Warning (15610): No output dependent on input pin "GPIO_1[5]" File: C:/Users/mmess/OneDrive/Documents/GitHub/3710-Group-5/1_PROJECT_PONG/PONG_TOP.v Line: 4
    Warning (15610): No output dependent on input pin "GPIO_1[6]" File: C:/Users/mmess/OneDrive/Documents/GitHub/3710-Group-5/1_PROJECT_PONG/PONG_TOP.v Line: 4
    Warning (15610): No output dependent on input pin "GPIO_1[7]" File: C:/Users/mmess/OneDrive/Documents/GitHub/3710-Group-5/1_PROJECT_PONG/PONG_TOP.v Line: 4
    Warning (15610): No output dependent on input pin "GPIO_1[8]" File: C:/Users/mmess/OneDrive/Documents/GitHub/3710-Group-5/1_PROJECT_PONG/PONG_TOP.v Line: 4
    Warning (15610): No output dependent on input pin "GPIO_1[9]" File: C:/Users/mmess/OneDrive/Documents/GitHub/3710-Group-5/1_PROJECT_PONG/PONG_TOP.v Line: 4
    Warning (15610): No output dependent on input pin "GPIO_1[13]" File: C:/Users/mmess/OneDrive/Documents/GitHub/3710-Group-5/1_PROJECT_PONG/PONG_TOP.v Line: 4
    Warning (15610): No output dependent on input pin "GPIO_1[15]" File: C:/Users/mmess/OneDrive/Documents/GitHub/3710-Group-5/1_PROJECT_PONG/PONG_TOP.v Line: 4
    Warning (15610): No output dependent on input pin "GPIO_1[17]" File: C:/Users/mmess/OneDrive/Documents/GitHub/3710-Group-5/1_PROJECT_PONG/PONG_TOP.v Line: 4
    Warning (15610): No output dependent on input pin "GPIO_1[19]" File: C:/Users/mmess/OneDrive/Documents/GitHub/3710-Group-5/1_PROJECT_PONG/PONG_TOP.v Line: 4
    Warning (15610): No output dependent on input pin "GPIO_1[21]" File: C:/Users/mmess/OneDrive/Documents/GitHub/3710-Group-5/1_PROJECT_PONG/PONG_TOP.v Line: 4
    Warning (15610): No output dependent on input pin "GPIO_1[23]" File: C:/Users/mmess/OneDrive/Documents/GitHub/3710-Group-5/1_PROJECT_PONG/PONG_TOP.v Line: 4
    Warning (15610): No output dependent on input pin "GPIO_1[25]" File: C:/Users/mmess/OneDrive/Documents/GitHub/3710-Group-5/1_PROJECT_PONG/PONG_TOP.v Line: 4
    Warning (15610): No output dependent on input pin "GPIO_1[35]" File: C:/Users/mmess/OneDrive/Documents/GitHub/3710-Group-5/1_PROJECT_PONG/PONG_TOP.v Line: 4
    Warning (15610): No output dependent on input pin "ADC_DOUT" File: C:/Users/mmess/OneDrive/Documents/GitHub/3710-Group-5/1_PROJECT_PONG/PONG_TOP.v Line: 10
Info (21057): Implemented 1424 device resources after synthesis - the final resource count might be different
    Info (21058): Implemented 42 input pins
    Info (21059): Implemented 84 output pins
    Info (21061): Implemented 1296 logic cells
    Info (21062): Implemented 2 DSP elements
Info: Quartus Prime Analysis & Synthesis was successful. 0 errors, 52 warnings
    Info: Peak virtual memory: 4952 megabytes
    Info: Processing ended: Sun Mar 29 00:14:58 2026
    Info: Elapsed time: 00:00:07
    Info: Total CPU time (on all processors): 00:00:15


